<?xml version="1.0" encoding="UTF-8"?>
<testng-results skipped="0" failed="0" total="1" passed="1">
  <reporter-output>
  </reporter-output>
  <suite name="Default suite" duration-ms="11731" started-at="2015-11-26T22:59:01Z" finished-at="2015-11-26T22:59:13Z">
    <groups>
    </groups>
    <test name="Default test" duration-ms="11731" started-at="2015-11-26T22:59:01Z" finished-at="2015-11-26T22:59:13Z">
      <class name="seleniumPOM.ConfigTest">
        <test-method status="PASS" signature="display()[pri:0, instance:seleniumPOM.ConfigTest@880ec60]" name="display" duration-ms="11700" started-at="2015-11-26T16:59:01Z" finished-at="2015-11-26T16:59:13Z">
          <reporter-output>
          </reporter-output>
        </test-method> <!-- display -->
      </class> <!-- seleniumPOM.ConfigTest -->
    </test> <!-- Default test -->
  </suite> <!-- Default suite -->
</testng-results>
