<?xml version="1.0" encoding="UTF-8"?>
<testng-results skipped="0" failed="0" total="2" passed="2">
  <reporter-output>
  </reporter-output>
  <suite name="seleniumPOM.ConfigTest" duration-ms="5776" started-at="2015-11-26T17:18:00Z" finished-at="2015-11-26T17:18:06Z">
    <groups>
    </groups>
    <test name="Command line test" duration-ms="5776" started-at="2015-11-26T17:18:00Z" finished-at="2015-11-26T17:18:06Z">
      <class name="seleniumPOM.ConfigTest">
        <test-method status="PASS" signature="display()" name="display" duration-ms="5758" started-at="2015-11-26T17:18:00Z" finished-at="2015-11-26T17:18:06Z">
        </test-method>
        <test-method status="PASS" signature="testTitle()" name="testTitle" duration-ms="2" started-at="2015-11-26T17:18:06Z" finished-at="2015-11-26T17:18:06Z">
        </test-method>
      </class>
    </test>
  </suite>
</testng-results>
